\BOOKMARK [0][-]{section*.2}{Inhaltsverzeichnis}{}% 1
\BOOKMARK [0][-]{chapter.1}{Einleitung}{}% 2
\BOOKMARK [0][-]{chapter.2}{Basisdefinitionen}{}% 3
\BOOKMARK [0][-]{chapter.3}{Ist-Zustand}{}% 4
\BOOKMARK [1][-]{section.3.1}{Datenstruktur}{chapter.3}% 5
\BOOKMARK [1][-]{section.3.2}{Implementierung}{chapter.3}% 6
\BOOKMARK [1][-]{section.3.3}{Benchmarking}{chapter.3}% 7
\BOOKMARK [0][-]{chapter.4}{In-Memory\040Datenbanken}{}% 8
\BOOKMARK [1][-]{section.4.1}{Neue\040Anforderungen\040an\040Datenbanksysteme}{chapter.4}% 9
\BOOKMARK [1][-]{section.4.2}{Konzepte}{chapter.4}% 10
\BOOKMARK [1][-]{section.4.3}{Konkrete\040In-Memory\040Datenbanken}{chapter.4}% 11
\BOOKMARK [0][-]{chapter.5}{Umsetzung}{}% 12
\BOOKMARK [1][-]{section.5.1}{Konzept}{chapter.5}% 13
\BOOKMARK [1][-]{section.5.2}{Implementierung}{chapter.5}% 14
\BOOKMARK [1][-]{section.5.3}{Benchmarking}{chapter.5}% 15
\BOOKMARK [0][-]{chapter.6}{Schlussfolgerung}{}% 16
\BOOKMARK [0][-]{section*.46}{Abbildungsverzeichnis}{}% 17
\BOOKMARK [0][-]{section*.47}{Tabellenverzeichnis}{}% 18
\BOOKMARK [0][-]{chapter*.48}{Algorithmenverzeichnis}{}% 19
\BOOKMARK [0][-]{section*.50}{Literaturverzeichnis}{}% 20
